2025-06-24 10:03:38,952 INFO: Late Show API startup [in /home/george/phase-4/late-show-API/server/app.py:32]
2025-06-24 10:03:45,478 INFO: Request: GET / - Status: 404 [in /home/george/phase-4/late-show-API/server/app.py:63]
2025-06-24 10:03:46,037 INFO: Request: GET /favicon.ico - Status: 404 [in /home/george/phase-4/late-show-API/server/app.py:63]
2025-06-24 10:05:01,172 INFO: Request: GET / - Status: 404 [in /home/george/phase-4/late-show-API/server/app.py:63]
2025-06-24 10:16:00,976 INFO: Late Show API startup [in /home/george/phase-4/late-show-API/server/app.py:32]
2025-06-24 10:16:02,605 INFO: Late Show API startup [in /home/george/phase-4/late-show-API/server/app.py:32]
2025-06-24 10:16:04,259 INFO: Late Show API startup [in /home/george/phase-4/late-show-API/server/app.py:32]
2025-06-24 10:24:31,005 INFO: Late Show API startup [in /home/george/phase-4/late-show-API/server/app.py:32]
2025-06-24 10:26:45,244 INFO: Late Show API startup [in /home/george/phase-4/late-show-API/server/app.py:32]
2025-06-24 10:26:57,180 INFO: Late Show API startup [in /home/george/phase-4/late-show-API/server/app.py:32]
2025-06-24 10:28:00,789 INFO: Request: DELETE /episodes/1 - Status: 422 [in /home/george/phase-4/late-show-API/server/app.py:63]
2025-06-24 10:28:00,840 INFO: Request: POST /appearances - Status: 422 [in /home/george/phase-4/late-show-API/server/app.py:63]
2025-06-24 10:30:03,745 INFO: Request: DELETE /episodes/1 - Status: 422 [in /home/george/phase-4/late-show-API/server/app.py:63]
2025-06-24 10:30:03,794 INFO: Request: POST /appearances - Status: 422 [in /home/george/phase-4/late-show-API/server/app.py:63]
2025-06-24 10:30:27,810 INFO: Late Show API startup [in /home/george/phase-4/late-show-API/server/app.py:32]
2025-06-24 10:30:35,175 INFO: Request: DELETE /episodes/1 - Status: 422 [in /home/george/phase-4/late-show-API/server/app.py:63]
2025-06-24 10:30:35,228 INFO: Request: POST /appearances - Status: 422 [in /home/george/phase-4/late-show-API/server/app.py:63]
2025-06-24 10:32:17,967 INFO: Late Show API startup [in /home/george/phase-4/late-show-API/server/app.py:32]
2025-06-24 10:32:24,921 INFO: Late Show API startup [in /home/george/phase-4/late-show-API/server/app.py:32]
2025-06-24 10:33:01,336 INFO: Late Show API startup [in /home/george/phase-4/late-show-API/server/app.py:32]
2025-06-24 10:33:08,245 INFO: Late Show API startup [in /home/george/phase-4/late-show-API/server/app.py:32]
2025-06-24 10:33:44,783 INFO: Late Show API startup [in /home/george/phase-4/late-show-API/server/app.py:32]
2025-06-24 10:33:50,170 INFO: Late Show API startup [in /home/george/phase-4/late-show-API/server/app.py:32]
2025-06-24 10:33:54,479 INFO: Late Show API startup [in /home/george/phase-4/late-show-API/server/app.py:32]
2025-06-24 10:34:26,942 INFO: Late Show API startup [in /home/george/phase-4/late-show-API/server/app.py:32]
2025-06-24 10:34:39,630 INFO: Request: POST /register - Status: 409 [in /home/george/phase-4/late-show-API/server/app.py:63]
2025-06-24 10:34:39,854 INFO: Request: POST /login - Status: 401 [in /home/george/phase-4/late-show-API/server/app.py:63]
2025-06-24 10:34:39,940 INFO: Request: GET /episodes - Status: 200 [in /home/george/phase-4/late-show-API/server/app.py:63]
2025-06-24 10:34:39,974 INFO: Request: GET /episodes/1 - Status: 200 [in /home/george/phase-4/late-show-API/server/app.py:63]
2025-06-24 10:34:39,997 INFO: Request: DELETE /episodes/1 - Status: 422 [in /home/george/phase-4/late-show-API/server/app.py:63]
2025-06-24 10:34:40,037 INFO: Request: GET /guests - Status: 200 [in /home/george/phase-4/late-show-API/server/app.py:63]
2025-06-24 10:34:40,069 INFO: Request: POST /appearances - Status: 422 [in /home/george/phase-4/late-show-API/server/app.py:63]
2025-06-24 10:37:01,887 INFO: Request: POST /register - Status: 400 [in /home/george/phase-4/late-show-API/server/app.py:63]
2025-06-24 10:37:22,027 INFO: Request: POST /register - Status: 200 [in /home/george/phase-4/late-show-API/server/app.py:63]
2025-06-24 10:37:49,129 INFO: Request: POST /login - Status: 200 [in /home/george/phase-4/late-show-API/server/app.py:63]
2025-06-24 10:38:13,281 INFO: Request: GET /episodes - Status: 200 [in /home/george/phase-4/late-show-API/server/app.py:63]
2025-06-24 10:38:19,672 INFO: Request: GET /episodes/1 - Status: 200 [in /home/george/phase-4/late-show-API/server/app.py:63]
2025-06-24 10:38:30,136 INFO: Request: DELETE /episodes/1 - Status: 422 [in /home/george/phase-4/late-show-API/server/app.py:63]
2025-06-24 10:38:59,264 INFO: Request: DELETE /episodes/1 - Status: 422 [in /home/george/phase-4/late-show-API/server/app.py:63]
2025-06-24 10:39:43,983 INFO: Request: DELETE /episodes/1 - Status: 422 [in /home/george/phase-4/late-show-API/server/app.py:63]
2025-06-24 10:40:39,210 INFO: Request: DELETE /episodes/1 - Status: 422 [in /home/george/phase-4/late-show-API/server/app.py:63]
2025-06-24 10:43:01,451 INFO: Request: DELETE /episodes/1 - Status: 422 [in /home/george/phase-4/late-show-API/server/app.py:63]
2025-06-24 10:43:22,288 INFO: Request: POST /register - Status: 200 [in /home/george/phase-4/late-show-API/server/app.py:63]
2025-06-24 10:43:41,838 INFO: Request: POST /login - Status: 200 [in /home/george/phase-4/late-show-API/server/app.py:63]
2025-06-24 10:44:11,237 INFO: Request: DELETE /episodes/1 - Status: 422 [in /home/george/phase-4/late-show-API/server/app.py:63]
2025-06-24 10:44:32,121 INFO: Request: DELETE /episodes/1 - Status: 422 [in /home/george/phase-4/late-show-API/server/app.py:63]
2025-06-24 10:45:49,424 INFO: Late Show API startup [in /home/george/phase-4/late-show-API/server/app.py:32]
2025-06-24 10:46:19,618 INFO: Request: POST /register - Status: 200 [in /home/george/phase-4/late-show-API/server/app.py:63]
2025-06-24 10:46:33,759 INFO: Request: POST /login - Status: 200 [in /home/george/phase-4/late-show-API/server/app.py:63]
2025-06-24 10:46:40,402 INFO: Request: GET /episodes - Status: 200 [in /home/george/phase-4/late-show-API/server/app.py:63]
2025-06-24 10:46:45,060 INFO: Request: GET /episodes/1 - Status: 200 [in /home/george/phase-4/late-show-API/server/app.py:63]
2025-06-24 10:47:22,066 INFO: Request: DELETE /episodes/1 - Status: 422 [in /home/george/phase-4/late-show-API/server/app.py:63]
2025-06-24 10:47:37,978 INFO: Request: DELETE /episodes/1 - Status: 200 [in /home/george/phase-4/late-show-API/server/app.py:63]
2025-06-24 10:47:54,665 INFO: Request: GET /guests - Status: 200 [in /home/george/phase-4/late-show-API/server/app.py:63]
2025-06-24 10:48:03,803 INFO: Request: POST /appearances - Status: 404 [in /home/george/phase-4/late-show-API/server/app.py:63]